<?xml version="1.0" encoding="UTF-8"?>
<!-- Generated by org.testng.reporters.JUnitXMLReporter -->
<testsuite hostname="shashi" ignored="0" name="BankAccess test" tests="3" failures="0" timestamp="29 Feb 2020 21:52:14 GMT" time="0.072" errors="0">
  <testcase name="method51" time="0.016" classname="com.shekhar.TestNG1.Day5"/>
  <testcase name="method51" time="0.004" classname="com.shekhar.TestNG1.Day5"/>
  <testcase name="method51" time="0.0" classname="com.shekhar.TestNG1.Day5"/>
</testsuite> <!-- BankAccess test -->
