<?xml version="1.0" encoding="UTF-8"?>
<!-- Generated by org.testng.reporters.JUnitXMLReporter -->
<testsuite hostname="shashi" ignored="2" name="Bike Loan" tests="2" failures="0" timestamp="28 Feb 2020 20:04:32 GMT" time="0.015" errors="0">
  <testcase name="APILoginBike" time="0.0" classname="com.shekhar.TestNG.Day2"/>
  <testcase name="WebLoginBike" time="0.0" classname="com.shekhar.TestNG.Day2"/>
  <testcase name="Mobile_SignIn_Bike" time="0.0" classname="com.shekhar.TestNG.Day2">
    <ignored/>
  </testcase> <!-- Mobile_SignIn_Bike -->
  <testcase name="MobileLoginBike" time="0.0" classname="com.shekhar.TestNG.Day2">
    <ignored/>
  </testcase> <!-- MobileLoginBike -->
</testsuite> <!-- Bike Loan -->
