<?xml version="1.0" encoding="UTF-8"?>
<!-- Generated by org.testng.reporters.JUnitXMLReporter -->
<testsuite hostname="shashi" ignored="0" name="Car Loan" tests="3" failures="0" timestamp="29 Feb 2020 22:06:25 GMT" time="0.124" errors="0">
  <testcase name="APILoginCar" time="0.012" classname="com.shekhar.TestNG.Day3"/>
  <testcase name="MobileLoginCar" time="0.004" classname="com.shekhar.TestNG.Day3"/>
  <testcase name="WebLoginCar" time="0.008" classname="com.shekhar.TestNG.Day3"/>
</testsuite> <!-- Car Loan -->
