<?xml version="1.0" encoding="UTF-8"?>
<!-- Generated by org.testng.reporters.JUnitXMLReporter -->
<testsuite hostname="shashi" ignored="1" name="Personal Loan" tests="6" failures="0" timestamp="29 Feb 2020 22:06:25 GMT" time="0.128" errors="0">
  <testcase name="APILoginPersonal" time="0.012" classname="com.shekhar.TestNG.Day1"/>
  <testcase name="MobileLoginPersonal" time="0.008" classname="com.shekhar.TestNG.Day1"/>
  <testcase name="WebLoginPersonal" time="0.012" classname="com.shekhar.TestNG.Day1"/>
  <testcase name="APILoginBike" time="0.004" classname="com.shekhar.TestNG.Day2"/>
  <testcase name="MobileLoginBike" time="0.004" classname="com.shekhar.TestNG.Day2"/>
  <testcase name="WebLoginBike" time="0.0" classname="com.shekhar.TestNG.Day2"/>
  <testcase name="Mobile_SignIn_Bike" time="0.0" classname="com.shekhar.TestNG.Day2">
    <ignored/>
  </testcase> <!-- Mobile_SignIn_Bike -->
</testsuite> <!-- Personal Loan -->
