<?xml version="1.0" encoding="UTF-8"?>
<!-- Generated by org.testng.reporters.JUnitXMLReporter -->
<testsuite hostname="shashi" ignored="5" name="Regression" tests="2" failures="0" timestamp="28 Feb 2020 22:07:31 GMT" time="0.063" errors="0">
  <testcase name="WebLoginPersonal" time="0.015" classname="com.shekhar.TestNG.Day1"/>
  <testcase name="MobileLoginBike" time="0.0" classname="com.shekhar.TestNG.Day2"/>
  <testcase name="APILoginBike" time="0.0" classname="com.shekhar.TestNG.Day2">
    <ignored/>
  </testcase> <!-- APILoginBike -->
  <testcase name="WebLoginBike" time="0.0" classname="com.shekhar.TestNG.Day2">
    <ignored/>
  </testcase> <!-- WebLoginBike -->
  <testcase name="Mobile_SignIn_Bike" time="0.0" classname="com.shekhar.TestNG.Day2">
    <ignored/>
  </testcase> <!-- Mobile_SignIn_Bike -->
  <testcase name="APILoginPersonal" time="0.0" classname="com.shekhar.TestNG.Day1">
    <ignored/>
  </testcase> <!-- APILoginPersonal -->
  <testcase name="MobileLoginPersonal" time="0.0" classname="com.shekhar.TestNG.Day1">
    <ignored/>
  </testcase> <!-- MobileLoginPersonal -->
</testsuite> <!-- Regression -->
