<?xml version="1.0" encoding="UTF-8"?>
<!-- Generated by org.testng.reporters.JUnitXMLReporter -->
<testsuite hostname="shashi" ignored="1" name="Command line test" tests="5" failures="0" timestamp="06 Mar 2020 15:14:08 GMT" time="0.203" errors="0">
  <testcase name="testMethod" time="0.016" classname="com.shekhar.Test1123"/>
  <testcase name="daYTest" time="0.0" classname="com.shekhar.TestNG.DayTest"/>
  <testcase name="APILoginBike" time="0.016" classname="com.shekhar.TestNG.TestDay2"/>
  <testcase name="MobileLoginBike" time="0.0" classname="com.shekhar.TestNG.TestDay2"/>
  <testcase name="WebLoginBike" time="0.0" classname="com.shekhar.TestNG.TestDay2"/>
  <testcase name="Mobile_SignIn_Bike" time="0.0" classname="com.shekhar.TestNG.TestDay2">
    <ignored/>
  </testcase> <!-- Mobile_SignIn_Bike -->
</testsuite> <!-- Command line test -->
