<?xml version="1.0" encoding="UTF-8"?>
<!-- Generated by org.testng.reporters.JUnitXMLReporter -->
<testsuite hostname="shashi" ignored="0" name="Car Loan" tests="3" failures="1" timestamp="06 Mar 2020 15:21:52 GMT" time="0.012" errors="0">
  <testcase name="APILoginCar" time="0.0" classname="com.shekhar.TestNG.TestDay3"/>
  <testcase name="MobileLoginCar" time="0.0" classname="com.shekhar.TestNG.TestDay3">
    <failure type="org.testng.TestNGException" message="
Parameter &amp;apos;URL&amp;apos; is required by @Test on method MobileLoginCar but has not been marked @Optional or defined
in D:\Workspace-neon2\TestNG\testng.xml">
      <![CDATA[org.testng.TestNGException: 
Parameter 'URL' is required by @Test on method MobileLoginCar but has not been marked @Optional or defined
in D:\Workspace-neon2\TestNG\testng.xml
... Removed 28 stack frames]]>
    </failure>
  </testcase> <!-- MobileLoginCar -->
  <testcase name="WebLoginCar" time="0.0" classname="com.shekhar.TestNG.TestDay3"/>
</testsuite> <!-- Car Loan -->
