<?xml version="1.0" encoding="UTF-8"?>
<!-- Generated by org.testng.reporters.JUnitXMLReporter -->
<testsuite hostname="shashi" ignored="0" name="Home Loan" tests="3" failures="0" timestamp="06 Mar 2020 17:01:11 GMT" time="0.008" errors="0">
  <testcase name="APILoginHome" time="0.0" classname="com.shekhar.TestNG.Day4"/>
  <testcase name="MobileLoginHome" time="0.0" classname="com.shekhar.TestNG.Day4"/>
  <testcase name="WebLoginHome" time="0.0" classname="com.shekhar.TestNG.Day4"/>
</testsuite> <!-- Home Loan -->
