<?xml version="1.0" encoding="UTF-8"?>
<!-- Generated by org.testng.reporters.JUnitXMLReporter -->
<testsuite hostname="shashi" ignored="1" name="Personal Loan" tests="2" failures="0" timestamp="06 Mar 2020 17:01:11 GMT" time="0.036" errors="0">
  <testcase name="APILoginCar" time="0.004" classname="com.shekhar.TestNG.TestDay3"/>
  <testcase name="WebLoginCar" time="0.0" classname="com.shekhar.TestNG.TestDay3"/>
  <testcase name="MobileLoginCar" time="0.0" classname="com.shekhar.TestNG.TestDay3">
    <ignored/>
  </testcase> <!-- MobileLoginCar -->
</testsuite> <!-- Personal Loan -->
