<?xml version="1.0" encoding="UTF-8"?>
<testng-results skipped="0" failed="0" ignored="0" total="1" passed="1">
  <reporter-output>
  </reporter-output>
  <suite name="Default suite" duration-ms="7666" started-at="2020-03-02T19:59:32Z" finished-at="2020-03-02T19:59:39Z">
    <groups>
    </groups>
    <test name="Default test" duration-ms="7666" started-at="2020-03-02T19:59:32Z" finished-at="2020-03-02T19:59:39Z">
      <class name="com.shekhar.TestNG1.PropertiesClassParametrization">
        <test-method status="PASS" signature="Login()[pri:0, instance:com.shekhar.TestNG1.PropertiesClassParametrization@675d3402]" name="Login" duration-ms="7627" started-at="2020-03-03T01:29:32Z" finished-at="2020-03-03T01:29:39Z">
          <reporter-output>
          </reporter-output>
        </test-method> <!-- Login -->
      </class> <!-- com.shekhar.TestNG1.PropertiesClassParametrization -->
    </test> <!-- Default test -->
  </suite> <!-- Default suite -->
</testng-results>
